<?xml version="1.0" encoding="UTF-8"?>
<!-- Generated by org.testng.reporters.JUnitReportReporter -->
<testsuite skipped="0" hostname="DESKTOP-1KFO58I" name="testcases.TC003Test" tests="1" failures="0" timestamp="12 Nov 2020 05:26:50 GMT" time="0.002" errors="0">
  <testcase name="pytLogin" time="0.002" classname="testcases.TC003Test"/>
</testsuite> <!-- testcases.TC003Test -->
