<?xml version="1.0" encoding="UTF-8"?>
<!-- Generated by org.testng.reporters.JUnitReportReporter -->
<testsuite skipped="0" hostname="DESKTOP-1KFO58I" name="testcases.TC002Test" tests="1" failures="0" timestamp="19 Nov 2020 05:47:06 GMT" time="9.928" errors="0">
  <testcase name="mmtLogin" time="9.928" classname="testcases.TC002Test"/>
</testsuite> <!-- testcases.TC002Test -->
