<?xml version="1.0" encoding="UTF-8"?>
<!-- Generated by org.testng.reporters.JUnitReportReporter -->
<testsuite skipped="0" hostname="DESKTOP-1KFO58I" name="testcases.TC001Test" tests="1" failures="0" timestamp="19 Nov 2020 05:47:06 GMT" time="10.248" errors="0">
  <testcase name="fbLogin" time="10.248" classname="testcases.TC001Test"/>
</testsuite> <!-- testcases.TC001Test -->
