<?xml version="1.0" encoding="UTF-8"?>
<!-- Generated by org.testng.reporters.JUnitReportReporter -->
<testsuite skipped="0" hostname="DESKTOP-1KFO58I" name="testcases.TC002Test" tests="1" failures="0" timestamp="12 Nov 2020 05:26:50 GMT" time="0.014" errors="0">
  <testcase name="mmtLogin" time="0.014" classname="testcases.TC002Test"/>
</testsuite> <!-- testcases.TC002Test -->
